c:\users\niv\desktop\software-engineering-82c247361e46e5c54f8f9f544244a3c0c0ecbba7\software-engineering-82c247361e46e5c54f8f9f544244a3c0c0ecbba7\shitot\debug\vc140.pdb
c:\users\niv\desktop\software-engineering-82c247361e46e5c54f8f9f544244a3c0c0ecbba7\software-engineering-82c247361e46e5c54f8f9f544244a3c0c0ecbba7\shitot\debug\vc140.idb
c:\users\niv\desktop\software-engineering-82c247361e46e5c54f8f9f544244a3c0c0ecbba7\software-engineering-82c247361e46e5c54f8f9f544244a3c0c0ecbba7\shitot\debug\source.obj
c:\users\niv\desktop\software-engineering\shitot\debug\vc140.pdb
c:\users\niv\desktop\software-engineering\shitot\debug\vc140.idb
c:\users\niv\desktop\software-engineering\shitot\debug\source.obj
c:\users\niv\desktop\software-engineering-82c247361e46e5c54f8f9f544244a3c0c0ecbba7\software-engineering-82c247361e46e5c54f8f9f544244a3c0c0ecbba7\debug\shitot.ilk
c:\users\niv\desktop\software-engineering-82c247361e46e5c54f8f9f544244a3c0c0ecbba7\software-engineering-82c247361e46e5c54f8f9f544244a3c0c0ecbba7\debug\shitot.exe
c:\users\niv\desktop\software-engineering-82c247361e46e5c54f8f9f544244a3c0c0ecbba7\software-engineering-82c247361e46e5c54f8f9f544244a3c0c0ecbba7\debug\shitot.pdb
c:\users\niv\desktop\software-engineering\debug\shitot.ilk
c:\users\niv\desktop\software-engineering\debug\shitot.exe
c:\users\niv\desktop\software-engineering\debug\shitot.pdb
c:\users\niv\desktop\software-engineering-82c247361e46e5c54f8f9f544244a3c0c0ecbba7\software-engineering-82c247361e46e5c54f8f9f544244a3c0c0ecbba7\shitot\debug\shitot.res
c:\users\niv\desktop\software-engineering\shitot\debug\shitot.res
c:\users\niv\desktop\software-engineering\shitot\debug\shitot.vcxprojresolveassemblyreference.cache
c:\users\niv\desktop\software-engineering\shitot\debug\shitot.tlog\cl.command.1.tlog
c:\users\niv\desktop\software-engineering\shitot\debug\shitot.tlog\cl.read.1.tlog
c:\users\niv\desktop\software-engineering\shitot\debug\shitot.tlog\cl.write.1.tlog
c:\users\niv\desktop\software-engineering\shitot\debug\shitot.tlog\link.command.1.tlog
c:\users\niv\desktop\software-engineering\shitot\debug\shitot.tlog\link.read.1.tlog
c:\users\niv\desktop\software-engineering\shitot\debug\shitot.tlog\link.write.1.tlog
c:\users\niv\desktop\software-engineering\shitot\debug\shitot.tlog\rc.command.1.tlog
c:\users\niv\desktop\software-engineering\shitot\debug\shitot.tlog\rc.read.1.tlog
c:\users\niv\desktop\software-engineering\shitot\debug\shitot.tlog\rc.write.1.tlog
